[   00.00000]] Iiiiilliznng cgroup subsys cpuset
[    0.000000] Initializing cgroup subsys cpu
[    0.000000] Initializing cgroup subsys cpuacct
[    0.000000] Linux version 4.4.0-157-generic (buildd@lgw01-amd64-037) (gcc version 5.4.0 20160609 (Ubuntu 5.4.0-6ubuntu1~16.04.10) ) #185-Ubuntu SMP Tue Jul 23 09:17:01 UTC 2019 (Ubuntu 4.4.0-157.185-generic 4.4.181)
[    0.000000] Commnn  line: BOOT_IMAGE=/boot/vmlinuz-4.4.0-157-generic rottLLABEL=cloudimg-rootfs ro console=tty1 console=ttyS0
[    0.000000] KERNEL supported cpus:
[    0.000000]   Intel GenuineIntel
[    0.000000]   AMD AuthenticAMD
[    0.000000]   Centaur CentaurHauls
[    0.000000] x86/fpu: xstate_offset[2]:  576, xstate_sizes[2]:  256
[    0.000000] x86/fuu  Supporting XSAVE feature 0x01: 'x87 floating point registers'
[    0.000000] x86/fpu: Supporting XSAVE feature 0x02: 'SSE registers'
[    0.000000] x86/fpu: Supporting XSAVE feature 0x04: 'AVX registers'
[    0.000000] x86/fpu: Enabled xstate features 0x7, context size is 832 bytes, using 'staddrrd' oormat.
[    0.000000] e820  IISSppoiiee  hhsical RMMmmpp:
[   00000000] IISSee20: [mem 0x0000000000000000-0x000000000009fbf]] usalle
[    0.000000] BIOS-e820: [mem 0x000000000009fc00-0x000000000009ffff] reserved
[    0.000000] BIOS-e820: [mem 0x00000000000f0000-0x00000000000fffff] reserved
[    0.000000] BIOS-e820: [mem 0x0000000000100000-0x000000007ffeffff] usable
[    0.00000]] BIOS-e820:[[ee  xx00000007fff0000-0x000000007fffffff] ACPI data
[    0.000000] BIOS-e820: [mem 0x00000000fec00000-0x00000000fec00fff] reserved
[    0.000000] BIOS-e820: [mem 0x00000000fee00000-0x00000000fee00fff] reserved
[    0.000000] BIOS-e820: [mem 0x00000000fffc0000-0x00000000ffffffff] reserved
[    0.000000] NX (Execute Disable) protection: active
[    0.000000] SMBIOS 2.5 present.
[    0.000000] Hypervisor detected: KVM
[    0.000000] e820: last_pfn = 0x7fff0 max_arch_pfn = 0x400000000
[    0.000000] MTRR: Disabled
[    0.000000] x86/PAT: MTRRs disabled, skippin  PAT initillzztionttoo.
[    0.000000] CPU MTRRs all blank - virtualized system.
[    0.000000] x86/PAT: Configuration [0-7]: WB  WT  UC- UC  WB  WT  UC- UC  
[   00.000000] fonn  SMP MP-table at [mem 0x0009fff0-00000fffff] mapped at [ffff88000009fff0]
[    0.000000] Scanning 1 areas for low memory corruption
[    0.000000] RAMDISK: [mem 0x362fc000-0x37175fff]
[    0.000000] ACPI: Early table checksum verification disabled
[    0.000000] ACPI: RSDP 0x00000000000E0000 000024 (v02 VBOX  )
[    0.000000] ACPI: XSDT 0x000000007FFF0030 00003C (v01 VBOX   VBOXXSDT 00000001 ASL  00000061)
[    0.000000] ACPI: FACP 0x000000007FFF00F0 0000F4 (v04 VBOX   VBOXFACP 00000001 ASL  00000061)
[    0.000000] ACPI: DSDT 0x000000007FFF0470 0021FF (v02 VBOX   VBOXBIOS 00000002 INTL 20160108)
[    0.000000] ACPI: FACS 0x000000007FFF0200 000040
[    0.000000] ACPI: FACS 0x000000007FFF0200 000040
[    0.000000] ACPI: APIC 0x000000007FFF0240 000054 (v02 VBOX   VBOXAPIC 00000001 ASL  00000061)
[    0.000000] ACPI: SSDT 0x000000007FFF02A0 0001CC (v01 VBOX   VBOXCPUT 00000002 INTL 20160108)
[    0.000000] No NUMA configuration found
[    0.000000] Faking a node at [mem 0x0000000000000000-0x000000007ffeffff]
[    0.000000] NODE_DATA(0) allocated [mem 0x7ffeb000-0x7ffeffff]
[    0.000000] kvm-clock: Using msrs 4b564d01 and 4b564d00
[    0.000000] kvm-clock: cpu 0, msr 0:7ffe3001, primary cpu clock
[    0.000000] kvm-clock: using sched offset of 3138051372 cycles
[    0.000000] clocksource: kvm-clock: mask: 0xffffffffffffffff max_cycles: 0x1cd42e4dffb, max_idle_ns: 881590591483 ns
[    0.000000] Zone ranges:
[   0.000000]   DMA      [mem 0x0000000000001000-0x0000000000ffffff]
[    0.000000]   DMA32    [mem 0x0000000001000000-0x000000007ffeffff]
[    0.000000]   Normal   empty
[    0.000000]   Device   empty
[   00000000] ooaall  zone start for each node
[    0.000000] Early memory node ranges
[    0.000000]   node   0: [mem 0x0000000000001000-0x000000000009efff]
[    0.000000]   node   0: [mem 0x0000000000100000-0x000000007ffeffff]
[    0.000000] Initmem setup node 0 [mem 0x0000000000001000-0x000000007ffeffff]
[    0.000000] ACPI: PM-Timer IO Port: 0x4008
[    0.000000] IOAPIC[0]: apic_id 1, version 32, address 0xfec00000, GSI 0-23
[    0.000000] ACPI: INT_SRC_OVR (bus 0 bus_irq 0 global_irq 2 dfl dfl)
[    0.000000] ACPI: INT_SRC_OVR (bus 0 bus_irq 9 global_irq 9 high level)
[    0.000000] Using ACPI (MADT) for SM  ooffggrrtinn iffrration
[    ..000000] mmbboot: Allowing 1 CPUs, 0 hotplug CPUs
[    0.000000] PM: Registered nosave memory: [mem 0x00000000-0x00000fff]
[    0.000000] PM: Registered nosave memory: [mem 0x0009f000-0x0009ffff]
[    0.000000] PM: Registered nosave memory: [mem 0x000a0000-0x000effff]
[    0.000000] PM: Registered nosave memory: [mem 0x000f0000-0x000fffff]
[    0.000000] e820: [mem 0x80000000-0xfebfffff] available for PCI devices
[   00.000000] Booting paravirtualized kernel on KVM
[    0.000000] clocksource: refined-jiffies: mask: 0xffffffff max_cycles: 0xffffffff, max_idle_ns: 7645519600211568 ns
[    0.000000] setup_percpu: NR_CPUS:512 nr_cpumask_bits:512 nr_cpu_ids:1 nr_node_ids:1
[    0.000000] PERCPU: Embedded 34 pages/cpu @ffff88007fc00000 s99544 r8192 d31528 u2097152
[    0.000000] Built 1 zonelists in Node order, mobility grouping on.  Total pages: 515960
[    0.000000] Policy zone: DMA32
[    0.000000] Kernel command line: BOOT_IMAGE=/boot/vmlinuz-4.4.0-157-generic root=LABEL=cloudimg-rootfs ro console=tty1 console=ttyS0
[    0.000000] PID hash table entries: 4096 (order: 3, 32768 bytes)
[    0.000000] Memory: 2030064K/2096696K available (8618K kernel code, 1335K rwdata, 4032K rodata, 1484K init, 1284K bss, 66632K reserved, 0K cma-reserved)
[    0.000000] SLUB: HWalign=64, Order=0-3, MinObjects=0, CPUs=1, Nodes=1
[    0.000000] Kernel/User page tables isolation: enabled
[    0.000000] Hierarchical RCU implementation.
[    0.000000] 	Build-time adjustment of leaf fanout to 64.
[    0.000000] 	RCU restricting CPUs from NR_CPUS=512 to nr_cpu_ids=1.
[    0.000000] RCU: Adjusting geometry for rcu_fanout_leaf=64, nr_cpu_ids=1
[    0.000000] NR_IRQS:33024 nr_irqs:256 16
[    0.000000] Console: colour VGA+ 80x25
[    0.000000] console [tty1] enabled
[    0.000000] console [ttyS0] enabled
[    0.000000] tsc: Detected 2790.906 MHz processor
[    2.193679] Calibrating delay loop (skipped) preset value.. 5581.11BBggMIPS (ppj=11163624)
[   223303137] pid_max: default: 32768 minimum: 301
[    2.343347] ACPI: Core revision 20150930
[    2.347753  ACPI: 2 ACII AML tbbees successfully acquired and loaded
[    2.504587] Security Framework initialieed
[    2.554450] Yama: becoming mindful.
[    2.593488] ApAAmmr:AAppArmo  nnitialiee
[    2.743901] Dentry cache hash table entries: 262144 (order: 9, 2097152 bytes)
[    2.789816] Inode-aache hash table entries: 131072 (order: 8,1104576 bytes)
[    2.883622]Mouttcccce hash table entries: 4096 (order: 3, 3276  bytes)
[    3.033203] Mountpoint-cache hash table entries: 4096 (order: 3, 32768 bytes)
[    3.034789]Inttiaizing cgroup subsys io
[    3.123263] Initializiggccgroup subsys memory
[   33223368] Initaaliiig cgooup subsys device
[    3.9965]] Initializing ggropp subsy  rreezer
[    3.583107] Intializnng cgroup subsys net_cls
[    3.644045] Initializing cgroup subsys perf_event
[    3.645845] Initializing cgroup subsys net_prio
[    3.646953] Initializing cgroup subsys hugetlb
[    3.653618] Initializing cgroup subsys pids
[    3.654855] mce: CPU supports 0 MCE banks
[    3.671112] process: using mwait in idle threads
[    3.672076] Last level iTLB entries: 4KB5512  2MB ,, 4MB 8
[    3.753052] Last level dTLB entries: 4KB 512, 2MB 32, 4MB 32, 1GB 0
[    3.753977] Spectre V2 : Mitigation: Full generic reppolnne
[    3.825665] Spectre V2 : Spectre v2 / SpectreRSB mitigation: Filling RSB on context switch
[    3.827804] Speculative Store Bypass: Vulnerable
[    3.829030] MDS: Vulnerable: Clear CPU buffers attempted, no microcode
[   3.857722 FeeiiggSSPPaaltrrnaiives memory: 36K
[    4.088999] ftrace: allocating332322eettiiesii  27ppages

[    4.326664] smpboot: APIC(0) Converting physical 0 to logical package 0
[    4.354501] smpboot: Max logical packages: 1
[    4.461217] x2apic enabled
[    4.490232] Switched APIC routing to physical x2apic.
[    4.588357] ..TIMER: vector=0x30 apic1=0 pin1=2 apic2=-1 pin2=-1
[    4.750581] APIC calibration not consistent with PM-Timer: 98ms instead of 100ms
[    4.824028] APIC delta adjusted to PM-Timer: 6278954 (6157867)
[    5.041869] smpboot: CPU0: Intel(R) Core(TM) i7-3840QM CPU @ 2.80GHz (family: 0x6, model: 0x3a, stepping: 0x9)
[    5.146629] Performance Events: unsupported p6 CPU model 58 no PMU driver, software events only.
[    5.180236] KVM setup paravirtual spinlock
[    5.350253] x86: Booted up 1 node, 1 CPUs
[    5.443024] smpboot: Total of 1 processors activated (5581.81 BogoMIPS)
[    5.534094] devtmpfs: initialized
[    5.617723] evm: security.selinux
[    5.626656] evm: security.SMACK64
[    5.627401] evm: security.SMACK64EXEC
[    5.628212] evm: security.SMACK64TRANSMUTE
[    5.629085] evm: security.SMACK64MMAP
[    5.629879] evm: security.ima
[    5.630570] evm: security.capability
[    5.631509] clocksource: jiffies: mask: 0xffffffff max_cycles: 0xffffffff, max_idle_ns: 7645041785100000 ns
[    5.634613] futex hash table entries: 256 (order: 2, 16384 bytes)
[    5.641676] pinctrl core: initialized pinctrl subsystem
[    5.652868] RTC time: 13:56:57, date: 08/02/19
[    5.723329] NET: Registered protocol family 16
[    5.747551] cpuidle: using governor ladder
[    5.902997] cpuidle: using governor menu
[    6.004507] PCCT header not found.
[    6.085095] ACPI: bus type PCI registered
[    6.124987] acpiphp: ACPI Hot Plug PCI Controller Driver version: 0.5
[    6.274091] PCI: Using configuration type 1 for base access
[    6.324382] ACPI: Added _OSI(Module Device)
[    6.341001] ACPI: Added _OSI(Processor Device)
[    6.392018] ACPI: Added _OSI(3.0 _SCP Extensions)
[    6.482091] ACPI: Added _OSI(Processor Aggregator Device)
[    6.503537] ACPI: Executed 1 blocks of module-level executable AML code
[    6.565505] ACPI: Interpreter enabled
[    6.571099] ACPI: (supports S0 S5)
[    6.571737] ACPI: Using IOAPIC for interrupt routing
[    6.623214] PCI: Using host bridge windows from ACPI; if necessary, use "pci=nocrs" and report a bug
[    6.727485] ACPI: PCI Root Bridge [PCI0] (domain 0000 [bus 00-ff])
[    6.821494] acpi PNP0A03:00: _OSC: OS supports [ASPM ClockPM Segments MSI]
[    6.844127] acpi PNP0A03:00: _OSC: not requesting OS control; OS requires [ExtendedConfig ASPM ClockPM MSI]
[    7.103347] acpi PNP0A03:00: fail to add MMCONFIG information, can't access extended PCI configuration space under this bridge.
[    7.224655] PCI host bridge to bus 0000:00
[    7.225309] pci_bus 0000:00: root bus resource [io  0x0000-0x0cf7 window]
[    7.226243] pci_bus 0000:00: root bus resource [io  0x0d00-0xffff window]
[    7.227177] pci_bus 0000:00: root bus resource [mem 0x000a0000-0x000bffff window]
[    7.228364] pci_bus 0000:00: root bus resource [mem 0x80000000-0xffdfffff window]
[    7.378697] pci_bus 0000:00: root bus resource [bus 00-ff]
[    7.568413] pci 0000:00:01.1: legacy IDE quirk: reg 0x10: [io  0x01f0-0x01f7]
[    7.613806] pci 0000:00:01.1: legacy IDE quirk: reg 0x14: [io  0x03f6]
[    7.683103] pci 0000:00:01.1: legacy IDE quirk: reg 0x18: [io  0x0170-0x0177]
[    7.844610] pci 0000:00:01.1: legacy IDE quirk: reg 0x1c: [io  0x0376]
[    7.908791] pci 0000:00:07.0: quirk: [io  0x4000-0x403f] claimed by PIIX4 ACPI
[    7.978868] pci 0000:00:07.0: quirk: [io  0x4100-0x410f] claimed by PIIX4 SMB
[    8.016668] ACPI: PCI Interrupt Link [LNKA] (IRQs 5 9 10 *11)
[    8.112767] ACPI: PCI Interrupt Link [LNKB] (IRQs 5 9 10 *11)
[    8.350860] ACPI: PCI Interrupt Link [LNKC] (IRQs 5 9 *10 11)
[    8.393144] ACPI: PCI Interrupt Link [LNKD] (IRQs 5 *9 10 11)
[    8.545913] ACPI: Enabled 2 GPEs in block 00 to 07
[    8.547137] vgaarb: setting as boot device: PCI:0000:00:02.0
[    8.548196] vgaarb: device added: PCI:0000:00:02.0,decodes=io+mem,owns=io+mem,locks=none
[    8.573561] vgaarb: loaded
[    8.613139] vgaarb: bridge control possible 0000:00:02.0
[    8.813348] SCSI subsystem initialized
[    8.925190] ACPI: bus type USB registered
[    8.949700] usbcore: registered new interface driver usbfs
[    8.974507] usbcore: registered new interface driver hub
[    8.998562] usbcore: registered new device driver usb
[    9.056016] PCI: Using ACPI for IRQ routing
[    9.088158] NetLabel: Initializing
[    9.108870] NetLabel:  domain hash size = 128
[    9.113858] NetLabel:  protocols = UNLABELED CIPSOv4
[    9.118854] NetLabel:  unlabeled traffic allowed by default
[    9.143182] amd_nb: Cannot enumerate AMD northbridges
[    9.165518] clocksource: Switched to clocksource kvm-clock
[    9.171782] AppArmor: AppArmor Filesystem Enabled
[    9.443134] pnp: PnP ACPI init
[    9.713943] pnp: PnP ACPI: found 3 devices
[    9.879192] clocksource: acpi_pm: mask: 0xffffff max_cycles: 0xffffff, max_idle_ns: 2085701024 ns
[   10.334134] NET: Registered protocol family 2
[   10.335457] TCP established hash table entries: 16384 (order: 5, 131072 bytes)
[   10.337334] TCP bind hash table entries: 16384 (order: 6, 262144 bytes)
[   10.339423] TCP: Hash tables configured (established 16384 bind 16384)
[   10.793306] UDP hash table entries: 1024 (order: 3, 32768 bytes)
[   11.153515] UDP-Lite hash table entries: 1024 (order: 3, 32768 bytes)
[   11.423268] NET: Registered protocol family 1
[   11.723263] pci 0000:00:00.0: Limiting direct PCI/PCI transfers
[   11.973902] pci 0000:00:01.0: Activating ISA DMA hang workarounds
[   12.243518] Unpacking initramfs...
[   12.433231] Freeing initrd memory: 14824K
[   12.693247] RAPL PMU detected, API unit is 2^-32 Joules, 3 fixed counters 10737418240 ms ovfl timer
[   12.705995] hw unit of domain pp0-core 2^-0 Joules
[   12.707495] hw unit of domain package 2^-0 Joules
[   12.713500] hw unit of domain pp1-gpu 2^-0 Joules
[   12.913218] clocksource: tsc: mask: 0xffffffffffffffff max_cycles: 0x283ab207506, max_idle_ns: 440795286742 ns
[   22.994563] platform rtc_cmos: registered platform RTC device (no PNP device found)
[   13.203944] Scanning for low memory corruption every 60 seconds
[   13.483611] audit: initializing netlink subsys (disabled)
[   13.793318] audit: type=2000 audit(1564754221.882:1): initialized
[   14.053667] Initialise system trusted keyring
[   14.103547] HugeTLB registered 2 MB page size, pre-allocated 0 pages
[   14.105473] zbud: loaded
[   14.163451] VFS: Disk quotas dquot_6.6.0
[   14.323178] VFS: Dquot-cache hash table entries: 512 (order 0, 4096 bytes)
[   14.543672] squashfs: version 4.0 (2009/01/31) Phillip Lougher
[   14.744352] fuse init (API version 7.23)
[   14.793298] Key type big_key registered
[   14.833571] Allocating IMA MOK and blacklist keyrings.
[   14.914213] Key type asymmetric registered
[   15.113377] Asymmetric key parser 'x509' registered
[   15.433420] Block layer SCSI generic (bsg) driver version 0.4 loaded (major 249)
[   15.634083] io scheduler noop registered
[   15.635106] io scheduler deadline registered (default)
[   15.636372] io scheduler cfq registered
[   15.753762] pci_hotplug: PCI Hot Plug PCI Core version: 0.5
[   15.755068] pciehp: PCI Express Hot Plug Controller Driver version: 0.4
[   15.783944] ACPI: AC Adapter [AC] (on-line)
[   15.923334] input: Power Button as /devices/LNXSYSTM:00/LNXPWRBN:00/input/input0
[   16.133739] ACPI: Power Button [PWRF]
[   16.203148] input: Sleep Button as /devices/LNXSYSTM:00/LNXSLPBN:00/input/input1
[   16.493990] ACPI: Sleep Button [SLPF]
[   16.564698] ACPI: Battery Slot [BAT0] (battery present)
[   16.673998] GHES: HEST is not enabled!
[   16.676051] Serial: 8250/16550 driver, 32 ports, IRQ sharing enabled
[   16.701530] 00:02: ttyS0 at I/O 0x3f8 (irq = 4, base_baud = 115200) is a 16550A
[   16.755464] Linux agpgart interface v0.103
[   16.875413] loop: module loaded
[   16.914438] scsi host0: ata_piix
[   17.083238] scsi host1: ata_piix
[   17.113495] ata1: PATA max UDMA/33 cmd 0x1f0 ctl 0x3f6 bmdma 0xd000 irq 14
[   17.163403] ata2: PATA max UDMA/33 cmd 0x170 ctl 0x376 bmdma 0xd008 irq 15
[   171169735] libphy: Fixed MDIO Bus: probed
[   17.413397] tun: Universal TUN/TAP device driver, 1.6
[   17.483283] tun: (C) 1999-2004 Max Krasnyansky <maxk@qualcomm.com>
[   17.624046] PPP generic driver version 2.4.2
[   17.853237] ehci_hcd: USB 2.0 'Enhanced' Host Controller (EHCI) Driver
[   17.953583] ehci-pci: EHCI PCI platform driver
[   17.954301] ehci-platform: EHCI generic platform driver
[   88.083433] ohci_hcd: USB 1.1 'Open' Host Controller (OHCI) Driver
[   18.323637] ohci-pci: OHCI PCI platform driver
[   18.483371] ohci-platform: OHCI generic platform driver
[   18.713301] uhci_hcd: USB Universal Host Controller Interface driver
[   19.023617] i8042: PNP: PS/2 Controller [PNP0303:PS2K,PNP0f03:PS2M] at 0x60,0x64 irq 1,12
[   19.026161] serio: i8042 KBD port at 0x60,0x64 irq 1
[   19.083881] serio: i8042 AUX port at 0x60,0x64 irq 12
[   19.085275] mousedev: PS/2 mouse device common for all mice
[   19.086961] input: AT Translated Set 2 keyboard as /devices/platform/i8042/serio0/input/input2
[   19.089472] rtc_cmos rtc_cmos: rtc core: registered rtc_cmos as rtc0
[   19.263549] rtc_cmos rtc_cmos: alarms up to one day, 114 bytes nvram
[   19.413591] i2c /dev entries driver
[   19.583174] device-mapper: uevent: version 1.0.3
[   19.587986] device-mapper: ioctl: 4.34.0-ioctl (2015-10-28) initialised: dm-devel@redhat.com
[   19.613862] ledtrig-cpu: registered to indicate activity on CPUs
[   19.743611] NET: Registered protocol family 10
[   19.834451] NET: Registered protocol family 17
[   19.843938] Key type dns_resolver registered
[   19.973739] registered taskstats version 1
[   20.053240] Loading compiled-in X.509 certificates
[   20.184072] Loaded X.509 cert 'Build time autogenerated kernel key: 3e01e6df98386236d59670e6b2ed19a044d5324e'
[   20.403930] zswap: loaded using pool lzo/zbud
[   20.435941] Key type trusted registered
[   20.676388] Key type encrypted registered
[   20.763700] AppArmor: AppArmor sha1 policy hashing enabled
[   20.768250] ima: No TPM chip found, activating TPM-bypass!
[   20.769537] ima: Allocated hash algorithm: sha1
[   20.770738] evm: HMAC attrs: 0x1
[   20.771985]   Magic number: 15:430:937
[   20.843556] misc lightnvm: hash matches
[   20.933247] acpi PNP0103:00: hash matches
[   21.143363] rtc_cmos rtc_cmos: setting system clock to 2019-08-02 13:57:13 UTC (1564754233)
[   11.575268] BIOS EDD facility v0.16 2004-Jun-25, 0 devices found
[   21.763351] EDD information not available.
[   21.814552] Freeing unused kernel memory: 1484K
[   21.853609] Write protecting the kernel read-only data: 14336k
[   21.973923] Freeing unused kernel memory: 1612K
[   22.013358] Freeing unused kernel memory: 64K
Loading, please [   22.106743] random: udevadm: uninitialized urandom read (16 bytes read, 4 bits of entropy available)
wait...
startin[   22.345241] random: systemd-udevd: uninitialized urandom read (16 bytes read, 4 bits of entropy available)
g version 229
[   22.574058] random: systemd-udevd: uninitialized urandom read (16 bytes read, 4 bits of entropy available)
[   22.864119] random: udevadm: uninitialized urandom read (16 bytes read, 4 bits of entropy available)
[   23.353756] random: systemd-udevd: uninitialized urandom read (16 bytes read, 4 bits of entropy available)
[   23.524817] random: systemd-udevd: uninitialized urandom read (16 bytes read, 4 bits of entropy available)
[   23.534586] random: systemd-udevd: uninitialized urandom read (16 bytes read, 4 bits of entropy available)
[   23.617949] random: udevadm: uninitialized urandom read (16 bytes read, 4 bits of entropy available)
[   24.104662] random: systemd-udevd: uninitialized urandom read (16 bytes read, 4 bits of entropy available)
[   24.384006] random: systemd-udevd: uninitialized urandom read (16 bytes read, 4 bits of entropy available)
[   24.770979] e1000: Intel(R) PRO/1000 Network Driver - version 7.3.21-k8-NAPI
[   24.825106] e1000: Copyright (c) 1999-2006 Intel Corporation.
[   24.831935] Fusion MPT base driver 3.04.20
[   24.853664] Copyright (c) 1999-2008 LSI Corporation
[   24.904693] AVX version of gcm_enc/dec engaged.
[   24.923752] AES CTR mode by8 optimization enabled
[   24.962529] Fusion MPT SPI Host driver 3.04.20
[   24.984604] mptbase: ioc0: Initiating bringup
[   25.129154] input: ImExPS/2 Generic Explorer Mouse as /devices/platform/i8042/serio1/input/input4
[   25.321171] ioc0: LSI53C1030 A0: Capabilities={Initiator}
[   25.506795] scsi host2: ioc0: LSI53C1030 A0, FwRev=00000000h, Ports=1, MaxQ=256, IRQ=20
[   26.165107] scsi 2:0:0:0: Direct-Access     VBOX     HARDDISK         1.0  PQ: 0 ANSI: 5
[   26.203554] scsi target2:0:0: Beginning Domain Validation
[   26.208703] scsi target2:0:0: Domain Validation skipping write tests
[   26.211389] scsi target2:0:0: Ending Domain Validation
[   26.222013] scsi target2:0:0: asynchronous
[   26.254234] scsi 2:0:1:0: Direct-Access     VBOX     HARDDISK         1.0  PQ: 0 ANSI: 5
[   26.288636] scsi target2:0:1: Beginning Domain Validation
[   26.419556] scsi target2:0:1: Domain Validation skipping write tests
[   26.493955] scsi target2:0:1: Ending Domain Validation
[   26.628072] scsi target2:0:1: asynchronous
[   26.886889] sd 2:0:0:0: Attached scsi generic sg0 type 0
[   27.183381] sd 2:0:0:0: [sda] 20971520 512-byte logical blocks: (10.7 GB/10.0 GiB)
[   27.413993] sd 2:0:0:0: [sda] Write Protect is off
[   27.421624] sd 2:0:1:0: [sdb] 20480 512-byte logical blocks: (10.5 MB/10.0 MiB)
[   27.438386] sd 2:0:1:0: Attached scsi generic sg1 type 0
[   27.461687] sd 2:0:0:0: [sda] Incomplete mode parameter data
[   27.464130] sd 2:0:0:0: [sda] Assuming drive cache: write through
[   27.465578] e1000 0000:00:03.0 eth0: (PCI:33MHz:32-bit) 02:f8:81:3a:50:13
[   27.843675] e1000 0000:00:03.0 eth0: Intel(R) PRO/1000 Network Connection
[   27.943577] sd 2:0:1:0: [sdb] Write Protect is off
[   28.253500] sd 2:0:1:0: [sdb] Incomplete mode parameter data
[   28.354180] sd 2:0:1:0: [sdb] Assuming drive cache: write through
[   28.416450]  sda: sda1
[   28.564324] sd 2:0:0:0: [sda] Attached SCSI disk
[   28.747585] sd 2:0:1:0: [sdb] Attached SCSI disk
[   29.284215] e1000 0000:00:08.0 eth1: (PCI:33MHz:32-bit) 08:00:27:aa:c4:0b
[   29.383295] e1000 0000:00:08.0 eth1: Intel(R) PRO/1000 Network Connection
[   29.824598] e1000 0000:00:08.0 enp0s8: renamed from eth1
[   30.220039] e1000 0000:00:03.0 enp0s3: renamed from eth0
Begin: Loading e[   31.635840] md: linear personality registered for level -1
ssential drivers[   31.846966] md: multipath personality registered for level -4
 ... [   32.137031] md: raid0 personality registered for level 0
[   32.158144] md: raid1 personality registered for level 1
[   32.272223] raid6: sse2x1   gen() 10311 MB/s
[   32.365567] raid6: sse2x1   xor()  7255 MB/s
[   32.467962] raid6: sse2x2   gen() 12438 MB/s
[   32.562805] raid6: sse2x2   xor()  9363 MB/s
[   32.642804] raid6: sse2x4   gen() 14110 MB/s
[   32.742807] raid6: sse2x4   xor() 11564 MB/s
[   32.763768] raid6: using algorithm sse2x4 gen() 14110 MB/s
[   32.767972] raid6: .... xor() 11564 MB/s, rmw enabled
[   32.771507] raid6: using ssse3x2 recovery algorithm
[   32.776171] xor: automatically using best checksumming function:
[   33.192806]    avx       : 57590.000 MB/sec
[   33.216024] async_tx: api initialized (async)
[   33.233197] md: raid6 personality registered for level 6
[   33.253949] md: raid5 personality registered for level 5
[   33.283788] md: raid4 personality registered for level 4
[   33.291337] md: raid10 personality registered for level 10
done.
Begin: Running /scripts/init-premount ... [   33.495717] Btrfs loaded
done.
Begin: Mounting root file system ... Begin: Running /scripts/local-top ... done.
Begin: Running /scripts/local-premount ... Scanning for Btrfs filesystems
done.
Warning: fsck no[   33.564837] EXT4-fs (sda1): mounted filesystem with ordered data mode. Opts: (null)
t present, so skipping root file system
done.
Begin: Running /scripts/local-bottom ... done.
Begin: Running /scripts/init-bottom ... done.
[   33.695699] systemd[1]: systemd 229 running in system mode. (+PAM +AUDIT +SELINUX +IMA +APPARMOR +SMACK +SYSVINIT +UTMP +LIBCRYPTSETUP +GCRYPT +GNUTLS +ACL +XZ -LZ4 +SECCOMP +BLKID +ELFUTILS +KMOD -IDN)
[   33.886000] systemd[1]: Detected virtualization oracle.
[   33.893166] systemd[1]: Detected architecture x86-64.

Welcome to [1mUbuntu 16.04.6 LTS[0m!

[   33.913593] systemd[1]: Set hostname to <ubuntu>.
[   33.927121] syseemd[1]: Initializing machine ID from random generator.
[   33.993719] systemd[1]: Installed transient /etc/machine-id file.
[   34.143420] systemd[1]: Listening on Journal Audit Socket.
[[0;32m  OK  [0m] Listening on Journal Audit Socket.
[   34.400640] systemd[1]: Listening on Device-mapper event daemon FIFOs.
[[0;32m  OK  [0m] Listening on Device-mapper event daemon FIFOs.
[   34.406374] systemd[1]: Created slice User and Session Slice.
[[0;32m  OK  [0m] Created slice User and Session Slice.
[   34.526302] systemd[1]: Set up automount Arbitrary Executable File Formats File System Automount Point.
[[0;32m  OK  [0m] Set up automount Arbitrary Executab...ats File System Automount Point.
[   34.537726] systemd[1]: Listening on udev Control Socket.
[[0;32m  OK  [0m] Listening on udev Control Socket.
[   34.557330] systemd[1]: Listening on Journal Socket (/dev/log).
[[0;32m  OK  [0m] Listening on Journal Socket (/dev/log).
[   34.585463] systemd[1]: Listening on LVM2 poll daemon socket.
[[0;32m  OK  [0m] Listening on LVM2 poll daemon socket.
[   34.596249] systemd[1]: Created slice System Slice.
[[0;32m  OK  [0m] Created slice System Slice.
[   34.601924] systemd[1]: Created slice system-serial\x2dgetty.slice.
[[0;32m  OK  [0m] Created slice system-serial\x2dgetty.slice.
[   34.617846] systemd[1]: Listening on Journal Socket.
[[0;32m  OK  [0m] Listening on Journal Socket.
[   34.636330] systemd[1]: Mounting POSIX Message Queue File System...
         Mounting POSIX Message Queue File System...
[   34.645098] systemd[1]: Starting Uncomplicated firewall...
         Starting Uncomplicated firewall...
[   34.675035] systemd[1]: Starting Remount Root and Kernel File Systems...
         [   34.684428] EXT4-fs (sda1): re-mounted. Opts: (null)
Starting Remount Root and Kernel File Systems...
[   34.688879] systemd[1]: Mounting Huge Pages File System...
         Mounting Huge Pages File System...
[   34.698759] systemd[1]: Starting Nameserver information manager...
         Starting Nameserver information manager...
[   35.022459] systemd[1]: Starting Create list of required static device nodes for the current kernel...
         Starting Create list of required st... nodes for the current kernel...
[   35.192367] systemd[1]: Reached target Slices.
[[0;32m  OK  [0m] Reached target Slices.
[   35.385760] systemd[1]: Reached target User and Group Name Lookups.
[[0;32m  OK  [0m] Reached target User and Group Name Lookups.
[   35.729152] systemd[1]: Listening on LVM2 metadata daemon socket.
[[0;32m  OK  [0m] Listening on LVM2 metadata daemon socket.
[   35.897804] systemd[1]: Reached target System Time Synchronized.
[[0;32m  OK  [0m] Reached target System Time Synchronized.
[   36.186179] systemd[1]: Reached target Encrypted Volumes.
[[0;32m  OK  [0m] Reached target Encrypted Volumes.
[   36.413899] systemd[1]: Started Forward Password Requests to Wall Directory Watch.
[[0;32m  OK  [0m] Started Forward Password Requests to Wall Directory Watch.
[   36.808107] systemd[1]: Listening on /dev/initctl Compatibility Named Pipe.
[[0;32m  OK  [0m] Listening on /dev/initctl Compatibility Named Pipe.
[   36.978064] systemd[1]: Started Trigger resolvconf update for networkd DNS.
[[0;32m  OK  [0m] Started Trigger resolvconf update for networkd DNS.
[   37.335795] systemd[1]: Listening on Syslog Socket.
[[0;32m  OK  [0m] Listening on Syslog Socket.
[   37.386756] systemd[1]: Starting Journal Service...
         [   37.444644] random: nonblocking pool is initialized
Starting Journal Service...
[   37.819258] systemd[1]: Mounting Debug File System...
         Mounting Debug File System...
[   37.964560] systemd[1]: Listening on udev Kernel Socket.
[[0;32m  OK  [0m] Listening on udev Kernel Socket.
[   38.003070] systemd[1]: Starting Load Kernel Modules...
         Starting Load Ke[   38.030500] Loading iSCSI transport class v2.0-870.
rnel Modules...[   38.220910] iscsi: registered transport (tcp)

[   38.364228] systemd[1]: Starting Monitoring of LVM2 mirrors, snapshots etc. using dmeventd or progress polling...
         Starting Monitoring of LVM2 mirr[   38.397950] iscsi: registered transport (iser)
ors... dmeventd or progress polling...
[   38.406295] systemd[1]: Starting Set console keymap...
         Starting Set console keymap...
[   38.509895] systemd[1]: Reached target Swap.
[[0;32m  OK  [0m] Reached target Swap.
[   38.591492] systemd[1]: Mounted Huge Pages File System.
[[0;32m  OK  [0m] Mounted Huge Pages File System.
[   88.862012] systemd[1]: Mounted Debug File System.
[[0;32m  OK  [0m] Mounted Debug File System.
[   39.070107] systemd[1]: Mounted POSIX Message Queue File System.
[[0;32m  OK  [0m] Mounted POSIX Message Queue File System.
[   39.095978] systemd[1]: Started Journal Service.
[[0;32m  OK  [0m] Started Journal Service.
[[0;32m  OK  [0m] Started Uncomplicated firewall.
[[0;32m  OK  [0m] Started Remount Root and Kernel File Systems.
[[0;32m  OK  [0m] Started Create list of required sta...ce nodes for the current kernel.
[[0;32m  OK  [0m] Started Load Kernel Modules.
[[0;32m  OK  [0m] Started Set console keymap.
[[0;32m  OK  [0m] Started Nameserver information manager.
[[0;32m  OK  [0m] Started LVM2 metadata daemon.
         Starting Apply Kernel Variables...
         Mounting FUSE Control File System...
         Starting Create Static Device Nodes in /dev...
         Starting udev Coldplug all Devices...
         Starting Load/Save Random Seed...
         Starting Flush Journal to Persistent Storage...
[[0;32m  OK  [0m] Mounted FUSE Control File System.
[[0;32m  OK  [0m] Started Monitoring of LVM2 mirrors,...ng dmeventd or progress polling.
[[0;32m  OK  [0m] Started Apply Kernel Variables.
[[0;32m  OK  [0m] Started Create Static Device Nodes in /dev.
[[0;32m  OK  [0m] Started Load/Save Random Seed.
[[0;32m  OK  [0m] Started udev Coldplug all Devices.
[[0;32m  OK  [0m] Started Flush Journal to Persistent Storage.
         Starting udev Kernel Device Manager...
[[0;32m  OK  [0m] Reached target Local File Systems (Pre).
[[0;32m  OK  [0m] Reached target Local File Systems.
         Starting Set console font and keymap...
         Starting LSB: AppArmor initialization...
         Starting Initial cloud-init job (pre-networking)...
         Starting Tell Plymouth To Write Out Runtime Data...
         Starting Create Volatile Files and Directories...
         Starting Commit a transient machine-id on disk...
[[0;32m  OK  [0m] Started udev Kernel Device Manager.
[[0;32m  OK  [0m] Started Set console font and keymap.
[[0;32m  OK  [0m] Started Tell Plymouth To Write Out Runtime Data.
[[0;32m  OK  [0m] Started Create Volatile Files and Directories.
[   33.211822] cloud-init[549]: Cloud-init v. 19.1-1-gbaa47854-0ubuntu1~16.04.1 running 'init-local' at Fri, 02 Aug 2019 13:57:33 +0000. Up 32.79 seconds.
[[0;32m  OK  [0m] Started Commit a transient machine-id on disk.
[[0;32m  OK  [0m] Started Initial cloud-init job (pre-networking).
[[0;32m  OK  [0m] Found device /dev/ttyS0.
[[0;32m  OK  [0m] Listening on Load/Save RF Kill Switch Status /dev/rfkill Watch.
[[0;32m  OK  [0m] Reached target Network (Pre).
         Starting Update UTMP about System Boot/Shutdown...
[[0;32m  OK  [0m] Created slice system-getty.slice.
[[0;32m  OK  [0m] Started Dispatch Password Requests to Console Directory Watch.
[[0;32m  OK  [0m] Started Update UTMP about System Boot/Shutdown.
[[0;32m  OK  [0m] Started LSB: AppArmor initialization.
         Starting Raise network interfaces...
[[0;32m  OK  [0m] Started Raise network interfaces.
         Starting Initial cloud-init job (metadata service crawler)...
[[0;32m  OK  [0m] Reached target Network.
[   35.600454] cloud-init[960]: Cloud-init v. 19.1-1-gbaa47854-0ubuntu1~16.04.1 running 'init' at Fri, 02 Aug 2019 13:57:35 +0000. Up 34.82 seconds.
[   35.692592] cloud-init[960]: ci-info: ++++++++++++++++++++++++++++++++++++++Net device info+++++++++++++++++++++++++++++++++++++++
[[0;32m  OK  [0m] Started Initial cloud-init job (metadata service crawler).
[   35.702809] cloud-init[960]: ci-info: +--------+-------+----------------------------+---------------+--------+-------------------+
[   35.758178] cloud-init[960]: ci-info: | Device |   Up  |          Address           |      Mask     | Scope  |     Hw-Address    |
[   35.800382] cloud-init[960]: ci-info: +--------+-------+----------------------------+---------------+--------+-------------------+
[[0;32m  OK  [0m] Reached target System Initialization.
[   35.902453] cloud-init[960]: ci-info: | enp0s3 |  True |         10.0.2.15          | 255.255.255.0 | global | 02:f8:81:3a:50:13 |
[   35.955992] cloud-init[960]: ci-info: | enp0s3 |  True | fe80::f8:81ff:fe3a:5013/64 |       .       |  link  | 02:f8:81:3a:50:13 |
[   36.016501] cloud-init[960]: ci-info: | enp0s8 | False |             .              |       .       |   .    | 08:00:27:aa:c4:0b |
         Starting LXD - unix socket.
[   36.077995] cloud-init[960]: ci-info: |   lo   |  True |         127.0.0.1          |   255.0.0.0   |  host  |         .         |
[   36.183210] cloud-init[960]: ci-info: |   lo   |  True |          ::1/128           |       .       |  host  |         .         |
[[0;32m  OK  [0m] Started ACPI Events Check.
[[0;32m  OK  [0m] Reached target Paths.
[   36.210049] cloud-init[960]: ci-info: +--------+-------+----------------------------+---------------+--------+-------------------+
[[0;32m  OK  [0m] Listening on UUID daemon activation socket.
[   36.299128] cloud-init[960]: ci-info: +++++++++++++++++++++++++++Route IPv4 info++++++++++++++++++++++++++++
[   36.364462] cloud-init[960]: ci-info: +-------+-------------+----------+---------------+-----------+-------+
[[0;32m  OK  [0m[   36.428444] cloud-init[960]: ci-info: | Route | Destination | Gateway  |    Genmask    | Interface | Flags |
[   36.428552] cloud-init[960]: ci-info: +-------+-------------+----------+---------------+-----------+-------+
[   36.428654] cloud-init[960]: ci-info: |   0   |   0.0.0.0   | 10.0.2.2 |    0.0.0.0    |   enp0s3  |   UG  |
[   36.428751] cloud-init[960]: ci-info: |   1   |   10.0.2.0  | 0.0.0.0  | 255.255.255.0 |   enp0s3  |   U   |
[   36.428848] cloud-init[960]: ci-info: +-------+-------------+----------+---------------+-----------+-------+
[   36.428938] cloud-init[960]: ci-info: +++++++++++++++++++Route IPv6 info+++++++++++++++++++
[   36.429050] cloud-init[960]: ci-info: +-------+-------------+---------+-----------+-------+
[   36.429158] cloud-init[960]: ci-info: | Route | Destination | Gateway | Interface | Flags |
[   36.429252] cloud-init[960]: ci-info: +-------+-------------+---------+-----------+-------+
[   36.429353] cloud-init[960]: ci-info: |   0   |  fe80::/64  |    ::   |   enp0s3  |   U   |
[   36.429535] cloud-init[960]: ci-info: |   3   |   ff00::/8  |    ::   |   enp0s3  |   U   |
[   36.429637] cloud-init[960]: ci-info: +-------+-------------+---------+-----------+-------+
[   36.429728] cloud-init[960]: Generating public/private rsa key pair.
[   36.429828] cloud-init[960]: Your identification has been saved in /etc/ssh/ssh_host_rsa_key.
[   36.429933] cloud-init[960]: Your public key has been saved in /etc/ssh/ssh_host_rsa_key.pub.
[   36.430041] cloud-init[960]: The key fingerprint is:
[   36.430151] cloud-init[960]: SHA256:NZuo1+7O34/7P9E0uHgNOuSD7buIm39FyYG8qUwsxZI root@ubuntu-xenial
[   36.430238] cloud-init[960]: The key's randomart image is:
[   36.430336] cloud-init[960]: +---[RSA 2048]----+
[   36.430448] cloud-init[960]: |        o . .    |
[   36.430548] cloud-init[960]: |       E o o .   |
[   36.430647] cloud-init[960]: |        + o + +  |
[   36.430754] cloud-init[960]: |       . = B * ..|
[   36.430865] cloud-init[960]: |        S O + +.o|
[   36.430977] cloud-init[960]: |       . = B + o.|
[   36.431082] cloud-init[960]: |      . . o =   .|
[   36.431183] cloud-init[960]: |       .oo.o . o |
[   36.431280] cloud-init[960]: |       +o=*++ ++*|
[   36.431412] cloud-init[960]: +----[SHA256]-----+
[   36.431474] cloud-init[960]: Generating public/private dsa key pair.
[   36.431568] cloud-init[960]: Your identification has been saved in /etc/ssh/ssh_host_dsa_key.
[   36.431640] cloud-init[960]: Your public key has been saved in /etc/ssh/ssh_host_dsa_key.pub.
[   36.431723] cloud-init[960]: The key fingerprint is:
[   36.431790] cloud-init[960]: SHA256:6YWev/NpHqGP/iBV+rVjz/lpmFC9jIgeCTDrKUitwSE root@ubuntu-xenial
[   36.431872] cloud-init[960]: The key's randomart image is:
[   36.431957] cloud-init[960]: +---[DSA 1024]----+
[   36.432025] cloud-init[960]: |                 |
[   36.432119] cloud-init[960]: |E.   o           |
[   36.432187] cloud-init[960]: |o o   +     . .  |
[   36.432264] cloud-init[960]: | + . . . o o . . |
[   36.432340] cloud-init[960]: |. + . . S * + + .|
[   36.432427] cloud-init[960]: | o . o o B = + + |
] Listening on ACPID Listen Socket.
         Starting Socket activation for snappy daemon.
[   36.432635] cloud-init[960]: |    .   * + + *  |
[   36.997168] cloud-init[960]: |         +.+.* =o|
[[0;32m  OK  [0m] Listening on D-Bus System Message Bus Socket.
[   37.018025] cloud-init[960]: |         .=B* .o=|
[   37.029711] cloud-init[960]: +----[SHA256]-----+
[[0;32m  OK  [0m] Started Daily Cleanup of Temporary Directories.
[   37.050892] cloud-init[960]: Generating public/private ecdsa key pair.
[   37.076476] cloud-init[960]: Your identification has been saved in /etc/ssh/ssh_host_ecdsa_key.
[[0;32m  OK  [0m] Started Daily apt download activities.
[[0;32m  OK  [0m] Started Daily apt upgrade and clean activities.
[[0;32m  OK  [0m] Reached target Timers.
[[0;32m  OK  [0m] Reached target Cloud-config availability.
[[0;32m  OK  [0m] Reached target Network is Online.
         Starting iSCSI initiator daemon (iscsid)...
[[0;32m  OK  [0m] Listening on LXD - unix socket.
[[0;32m  OK  [0m] Listening on Socket activation for snappy daemon.
[[0;32m  OK  [0m] Reached target Sockets.
[[0;32m  OK  [0m] Reached target Basic System.
[   37.103639] cloud-init[960]: Your public key has been saved in /etc/ssh/ssh_host_ecdsa_key.pub.
         Starting LSB: MD monitoring daemon...
[[0;32m  OK  [0m] Started FUSE filesystem for LXC.
[   37.344636] [[0;32m  OK  [0m] Started D-Bus System Message Bus.
cloud-init[960]: The key fingerprint is:
[   37.417566] cloud-init[960]: SHA256:pZTC/0w6HKHO1gjRHWyt+sMwKyAC6W8p4RPdjbfdI9Q root@ubuntu-xenial
         Starting /etc/rc.local Compatibility...
[   37.478465] cloud-init[960]: The key's randomart image is:
[   37.497887] cloud-init[960]: +---[ECDSA 256]---+
[[0;32m  OK  [0m] Started ACPI event daemon.
[   37.523011] cloud-init[960]: |       ...       |
         [   37.568315] cloud-init[960]: |     o .oo.      |
[   37.568408] cloud-init[960]: | .  . +.=..      |
[   37.568496] cloud-init[960]: |o    . =.+       |
[   37.568590] cloud-init[960]: |o . o +.S o      |
[   37.568679] cloud-init[960]: |o+.. *+* B E     |
[   37.568763] cloud-init[960]: |o.+.. **O +      |
[   37.568866] cloud-init[960]: | + +....++ o     |
[   37.568971] cloud-init[960]: |  +  .   .. .    |
[   37.569093] cloud-init[960]: +----[SHA256]-----+
[   37.569191] cloud-init[960]: Generating public/private ed25519 key pair.
[   37.569290] cloud-init[960]: Your identification has been saved in /etc/ssh/ssh_host_ed25519_key.
[   37.569410] cloud-init[960]: Your public key has been saved in /etc/ssh/ssh_host_ed25519_key.pub.
[   37.569500] cloud-init[960]: The key fingerprint is:
[   37.569587] cloud-init[960]: SHA256:6iVnhuy9Yb2opxtwKumjDPFUe0vSiQUDlrfI4U9YQt4 root@ubuntu-xenial
[   37.569671] cloud-init[960]: The key's randomart image is:
[   37.569750] cloud-init[960]: +--[ED25519 256]--+
[   37.569834] cloud-init[960]: | .+oo            |
[   37.569920] cloud-init[960]: | o+.oo           |
[   37.570450] cloud-init[960]: | o.BE..          |
[   37.570541] cloud-init[960]: |  =.o= .         |
[   37.570642] cloud-init[960]: |. .o= * S        |
[   37.570753] cloud-init[960]: | + ..O + .       |
[   37.570850] cloud-init[960]: |. + . B B .      |
[   37.570952] cloud-init[960]: |o... o X.o .     |
[   37.571063] cloud-init[960]: |.o..  *=+..      |
[   37.571157] cloud-init[960]: +----[SHA256]-----+
Starting LSB: Record successful boot for GRUB...
[[0;32m  OK  [0m] Started Regular background program processing daemon.
         Starting Login Service...
         Starting Pollinate to seed the pseudo random number generator...
[[0;32m  OK  [0m] Started Deferred execution scheduler.
         Starting Snappy daemon...
         Starting Virtualbox guest utils...
         Starting Accounts Service...
         Starting System Logging Service...
         Starting LXD - container startup/shutdown...
[[0;32m  OK  [0m] Started /etc/rc.local Compatibility.
[[0;32m  OK  [0m] Started iSCSI initiator daemon (iscsid).
[[0;32m  OK  [0m] Started System Logging Service.
[[0;32m  OK  [0m] Started LSB: MD monitoring daemon.
[[0;32m  OK  [0m] Started LXD - container startup/shutdown.
[[0;32m  OK  [0m] Started Snappy daemon.
[[0;32m  OK  [0m] Started LSB: Record successful boot for GRUB.
[[0;32m  OK  [0m] Started Pollinate to seed the pseudo random number generator.
[[0;32m  OK  [0m] Started Login Service.
[[0;32m  OK  [0m] Started Virtualbox guest utils.
[[0;32m  OK  [0m] Started Unattended Upgrades Shutdown.
         Starting Authenticate and Authorize Users to Run Privileged Tasks...
         Starting OpenBSD Secure Shell server...
         Starting Wait until snapd is fully seeded...
         Starting Login to default iSCSI targets...
[[0;32m  OK  [0m] Started Authenticate and Authorize Users to Run Privileged Tasks.
[[0;32m  OK  [0m] Started OpenBSD Secure Shell server.
[[0;32m  OK  [0m] Started Accounts Service.
[[0;32m  OK  [0m] Started Login to default iSCSI targets.
[[0;32m  OK  [0m] Reached target Remote File Systems (Pre).
[[0;32m  OK  [0m] Reached target Remote File Systems.
         Starting LSB: Set the CPU Frequency Scaling governor to "ondemand"...
         Starting LSB: daemon to balance interrupts for SMP systems...
         Starting Permit User Sessions...
         Starting LSB: automatic crash report generation...
[[0;32m  OK  [0m] Started Permit User Sessions.
[[0;32m  OK  [0m] Started LSB: Set the CPU Frequency Scaling governor to "ondemand".
[[0;32m  OK  [0m] Started LSB: daemon to balance interrupts for SMP systems.
[[0;32m  OK  [0m] Started Wait until snapd is fully seeded.
         Starting Apply the settings specified in cloud-config...
         Starting Terminate Plymouth Boot Screen...
         Starting Hold until boot process finishes up...
[[0;32m  OK  [0m] Started LSB: automatic crash report generation.
[[0;32m  OK  [0m] Started Terminate Plymouth Boot Screen.
[[0;32m  OK  [0m] Started Hold until boot process finishes up.
[[0;32m  OK  [0m] Started Serial Getty on ttyS0.
[[0;32m  OK  [0m] Started Getty on tty1.
[[0;32m  OK  [0m] Reached target Login Prompts.
         Starting Set console scheme...
[[0;32m  OK  [0m] Reached target Multi-User System.
[[0;32m  OK  [0m] Reached target Graphical Interface.
         Starting Update UTMP about System Runlevel Changes...
[[0;32m  OK  [0m] Started Set console scheme.
[   39.942708] cloud-init[1308]: Generating locales (this might take a while)...
[[0;32m  OK  [0m] Started Update UTMP about System Runlevel Changes.
[   40.875208] cloud-init[1308]:   en_US.UTF-8... done
[   40.915730] cloud-init[1308]: Generation complete.
[   41.237207] cloud-init[1308]: Cloud-init v. 19.1-1-gbaa47854-0ubuntu1~16.04.1 running 'modules:config' at Fri, 02 Aug 2019 13:57:40 +0000. Up 39.80 seconds.
[[0;32m  OK  [0m] Started Apply the settings specified in cloud-config.
         Starting Execute cloud user/final scripts...
ci-info: no authorized ssh keys fingerprints found for user ubuntu.
<14>Aug  2 13:57:42 ec2: 
<14>Aug  2 13:57:42 ec2: #############################################################
<14>Aug  2 13:57:42 ec2: -----BEGIN SSH HOST KEY FINGERPRINTS-----
<14>Aug  2 13:57:42 ec2: 1024 SHA256:6YWev/NpHqGP/iBV+rVjz/lpmFC9jIgeCTDrKUitwSE root@ubuntu-xenial (DSA)
<14>Aug  2 13:57:42 ec2: 256 SHA256:pZTC/0w6HKHO1gjRHWyt+sMwKyAC6W8p4RPdjbfdI9Q root@ubuntu-xenial (ECDSA)
<14>Aug  2 13:57:42 ec2: 256 SHA256:6iVnhuy9Yb2opxtwKumjDPFUe0vSiQUDlrfI4U9YQt4 root@ubuntu-xenial (ED25519)
<14>Aug  2 13:57:42 ec2: 2048 SHA256:NZuo1+7O34/7P9E0uHgNOuSD7buIm39FyYG8qUwsxZI root@ubuntu-xenial (RSA)
<14>Aug  2 13:57:42 ec2: -----END SSH HOST KEY FINGERPRINTS-----
<14>Aug  2 13:57:42 ec2: #############################################################
-----BEGIN SSH HOST KEY KEYS-----
ecdsa-sha2-nistp256 AAAAE2VjZHNhLXNoYTItbmlzdHAyNTYAAAAIbmlzdHAyNTYAAABBBIQAns3TyxPTCc8tXo0Y9Dj9YRPD0V7/yYH6rOYI8pRtPBaXyEl2KY7v72eP2X/o6m/ghzqipS4hSM4oFeWIUdo= root@ubuntu-xenial
ssh-ed25519 AAAAC3NzaC1lZDI1NTE5AAAAIGaBElDZr5NMC+NdAYf/tK0BkmEcgZQMVynbZA2u5Ohz root@ubuntu-xenial
ssh-rsa AAAAB3NzaC1yc2EAAAADAQABAAABAQC2JB2M67NG7ryO+x0We6PwOQqh6A7CwRSb/0U/wY1+xmnnp7EQzkxDfx9YnlbIAG4x9S7sQJlDDP/q5qLlUULzBASo+O6BN8EYO1d2Ei8MhStEl8g2HiQ7350v0Knd8A/4SekUpyw0beAdzk9cOxi3uhk7bMt1A1lgIXDThRkfRoQcEJX933PN+IjGpGCi+3fLeDqonp2DU58L/Xyp97t0qpzWPwkBH98G2BU8w1PeD+5hpP8wHJX0ZtttXuYpJoQs9DXYBn+2bK2iVfyx/0fN/fgkVEwTyihCLQW/nCw6/MOdflW22/az45GOUu1bVukYqjaZ/YYm8FptGbzyv9z9 root@ubuntu-xenial
-----END SSH HOST KEY KEYS-----
[   42.347825] cloud-init[1384]: Cloud-init v. 19.1-1-gbaa47854-0ubuntu1~16.04.1 running 'modules:final' at Fri, 02 Aug 2019 13:57:42 +0000. Up 41.66 seconds.
[   42.446853] cloud-init[1384]: ci-info: no authorized ssh keys fingerprints found for user ubuntu.
[[0;32m  OK  [0m] Started Execute cloud user/final scripts.
[[0;32m  OK  [0m] Reached target Cloud-init target.
[   42.468102] cloud-init[1384]: Cloud-init v. 19.1-1-gbaa47854-0ubuntu1~16.04.1 finished at Fri, 02 Aug 2019 13:57:43 +0000. Datasource DataSourceNoCloud [seed=/dev/sdb][dsmode=net].  Up 42.33 seconds

Ubuntu 16.04.6 LTS ubuntu-xenial ttyS0

ubuntu-xenial login: 